Using pre-set license
Built from '2020.3/staging' branch; Version is '2020.3.26f1 (7298b473bc1a) revision 7510196'; Using compiler version '192528614'; Build Type 'Release'
OS: 'Windows 10  (10.0.19042) 64bit CoreSingleLanguage' Language: 'en' Physical Memory: 7993 MB
BatchMode: 1, IsHumanControllingUs: 0, StartBugReporterOnCrash: 0, Is64bit: 1, IsPro: 0

COMMAND LINE ARGUMENTS:
C:\Program Files\Unity\Hub\Editor\2020.3.26f1\Editor\Unity.exe
-adb2
-batchMode
-noUpm
-name
AssetImportWorker0
-projectPath
C:/Users/umang/Desktop/college/mgd/HACKED
-logFile
Logs/AssetImportWorker0.log
-srvPort
54730
Successfully changed project path to: C:/Users/umang/Desktop/college/mgd/HACKED
C:/Users/umang/Desktop/college/mgd/HACKED
Using Asset Import Pipeline V2.
Refreshing native plugins compatible for Editor in 65.47 ms, found 5 plugins.
Preloading 0 native plugins for Editor in 0.00 ms.
Initialize engine version: 2020.3.26f1 (7298b473bc1a)
[Subsystems] Discovering subsystems at path C:/Program Files/Unity/Hub/Editor/2020.3.26f1/Editor/Data/Resources/UnitySubsystems
[Subsystems] Discovering subsystems at path C:/Users/umang/Desktop/college/mgd/HACKED/Assets
GfxDevice: creating device client; threaded=0
Direct3D:
    Version:  Direct3D 11.0 [level 11.1]
    Renderer: NVIDIA GeForce GTX 1650 Ti (ID=0x1f95)
    Vendor:   
    VRAM:     3962 MB
    Driver:   27.21.14.6280
Initialize mono
Mono path[0] = 'C:/Program Files/Unity/Hub/Editor/2020.3.26f1/Editor/Data/Managed'
Mono path[1] = 'C:/Program Files/Unity/Hub/Editor/2020.3.26f1/Editor/Data/MonoBleedingEdge/lib/mono/unityjit'
Mono config path = 'C:/Program Files/Unity/Hub/Editor/2020.3.26f1/Editor/Data/MonoBleedingEdge/etc'
Using monoOptions --debugger-agent=transport=dt_socket,embedding=1,server=y,suspend=n,address=127.0.0.1:56784
Begin MonoManager ReloadAssembly
Registering precompiled unity dll's ...
Register platform support module: C:/Program Files/Unity/Hub/Editor/2020.3.26f1/Editor/Data/PlaybackEngines/WindowsStandaloneSupport/UnityEditor.WindowsStandalone.Extensions.dll
Registered in 0.009376 seconds.
Native extension for WindowsStandalone target not found
Refreshing native plugins compatible for Editor in 50.62 ms, found 5 plugins.
Preloading 0 native plugins for Editor in 0.00 ms.
Mono: successfully reloaded assembly
- Completed reload, in  0.612 seconds
Domain Reload Profiling:
	ReloadAssembly (612ms)
		BeginReloadAssembly (57ms)
			ExecutionOrderSort (0ms)
			DisableScriptedObjects (0ms)
			BackupInstance (0ms)
			ReleaseScriptingObjects (0ms)
			CreateAndSetChildDomain (1ms)
		EndReloadAssembly (478ms)
			LoadAssemblies (55ms)
			RebuildTransferFunctionScriptingTraits (0ms)
			SetupTypeCache (149ms)
			ReleaseScriptCaches (0ms)
			RebuildScriptCaches (31ms)
			SetupLoadedEditorAssemblies (184ms)
				LogAssemblyErrors (0ms)
				InitializePlatformSupportModulesInManaged (4ms)
				SetLoadedEditorAssemblies (0ms)
				RefreshPlugins (51ms)
				BeforeProcessingInitializeOnLoad (13ms)
				ProcessInitializeOnLoadAttributes (76ms)
				ProcessInitializeOnLoadMethodAttributes (39ms)
				AfterProcessingInitializeOnLoad (0ms)
				EditorAssembliesLoaded (0ms)
			ExecutionOrderSort2 (0ms)
			AwakeInstancesAfterBackupRestoration (0ms)
Platform modules already initialized, skipping
Registering precompiled user dll's ...
Registered in 0.024997 seconds.
Begin MonoManager ReloadAssembly
Native extension for WindowsStandalone target not found
Refreshing native plugins compatible for Editor in 45.30 ms, found 5 plugins.
Preloading 0 native plugins for Editor in 0.00 ms.
Mono: successfully reloaded assembly
- Completed reload, in  1.244 seconds
Domain Reload Profiling:
	ReloadAssembly (1245ms)
		BeginReloadAssembly (153ms)
			ExecutionOrderSort (0ms)
			DisableScriptedObjects (5ms)
			BackupInstance (0ms)
			ReleaseScriptingObjects (0ms)
			CreateAndSetChildDomain (20ms)
		EndReloadAssembly (1027ms)
			LoadAssemblies (133ms)
			RebuildTransferFunctionScriptingTraits (0ms)
			SetupTypeCache (311ms)
			ReleaseScriptCaches (1ms)
			RebuildScriptCaches (51ms)
			SetupLoadedEditorAssemblies (332ms)
				LogAssemblyErrors (0ms)
				InitializePlatformSupportModulesInManaged (4ms)
				SetLoadedEditorAssemblies (0ms)
				RefreshPlugins (45ms)
				BeforeProcessingInitializeOnLoad (83ms)
				ProcessInitializeOnLoadAttributes (170ms)
				ProcessInitializeOnLoadMethodAttributes (21ms)
				AfterProcessingInitializeOnLoad (7ms)
				EditorAssembliesLoaded (0ms)
			ExecutionOrderSort2 (0ms)
			AwakeInstancesAfterBackupRestoration (7ms)
Platform modules already initialized, skipping
========================================================================
Worker process is ready to serve import requests
Launched and connected shader compiler UnityShaderCompiler.exe after 0.08 seconds
Refreshing native plugins compatible for Editor in 1.02 ms, found 5 plugins.
Preloading 0 native plugins for Editor in 0.00 ms.
Unloading 2268 Unused Serialized files (Serialized files now loaded: 0)
System memory in use before: 100.1 MB.
System memory in use after: 100.3 MB.

Unloading 54 unused Assets to reduce memory usage. Loaded Objects now: 2690.
Total: 6.235100 ms (FindLiveObjects: 0.220700 ms CreateObjectMapping: 0.105900 ms MarkObjects: 5.828400 ms  DeleteObjects: 0.078900 ms)

AssetImportParameters requested are different than current active one (requested -> active):
  custom:framework-win-MediaFoundation: 216162199b28c13a410421893ffa2e32 -> 
  custom:video-decoder-ogg-theora: a1e56fd34408186e4bbccfd4996cb3dc -> 
  custom:container-muxer-webm: aa71ff27fc2769a1b78a27578f13a17b -> 
  custom:container-demuxer-webm: 4f35f7cbe854078d1ac9338744f61a02 -> 
  custom:container-demuxer-ogg: 62fdf1f143b41e24485cea50d1cbac27 -> 
  custom:video-encoder-webm-vp8: eb34c28f22e8b96e1ab97ce403110664 -> 
  custom:video-codec-MediaFoundation-h265: 746d11721c4dcdbdad8f713fa42b33f4 -> 
  custom:video-decoder-webm-vp8: 9c59270c3fd7afecdb556c50c9e8de78 -> 
  custom:audio-decoder-ogg-vorbis: bf7c407c2cedff20999df2af8eb42d56 -> 
  custom:audio-encoder-webm-vorbis: bf7c407c2cedff20999df2af8eb42d56 -> 
========================================================================
Received Import Request.
  path: Assets/Firebase/Plugins/iOS/Firebase.App.dll.mdb
  artifactKey: Guid(439fbfd44af84d1ca6469a0f0f6d24ed) Importer(815301076,1909f56bfc062723c751e8b465ee728b)
Start importing Assets/Firebase/Plugins/iOS/Firebase.App.dll.mdb using Guid(439fbfd44af84d1ca6469a0f0f6d24ed) Importer(815301076,1909f56bfc062723c751e8b465ee728b)  -> (artifact id: '3262fc74111e2e61301c998da3cda325') in 0.045237 seconds 
  Import took 0.049984 seconds .

========================================================================
Received Import Request.
  Time since last request: 0.022503 seconds.
  path: Assets/TextMesh Pro/Documentation/TextMesh Pro User Guide 2016.pdf
  artifactKey: Guid(1b8d251f9af63b746bf2f7ffe00ebb9b) Importer(815301076,1909f56bfc062723c751e8b465ee728b)
Start importing Assets/TextMesh Pro/Documentation/TextMesh Pro User Guide 2016.pdf using Guid(1b8d251f9af63b746bf2f7ffe00ebb9b) Importer(815301076,1909f56bfc062723c751e8b465ee728b)  -> (artifact id: '68a8cd0d128e2de1afc31d38fd538062') in 0.014929 seconds 
  Import took 0.018790 seconds .

========================================================================
Received Import Request.
  Time since last request: 0.075173 seconds.
  path: Assets/TextMesh Pro/Shaders/TMPro_Surface.cginc
  artifactKey: Guid(d930090c0cd643c7b55f19a38538c162) Importer(815301076,1909f56bfc062723c751e8b465ee728b)
Start importing Assets/TextMesh Pro/Shaders/TMPro_Surface.cginc using Guid(d930090c0cd643c7b55f19a38538c162) Importer(815301076,1909f56bfc062723c751e8b465ee728b)  -> (artifact id: '7a635ec737c90890fe650212c09c6b5b') in 0.012755 seconds 
  Import took 0.021968 seconds .

========================================================================
Received Import Request.
  Time since last request: 0.004073 seconds.
  path: Assets/Firebase/m2repository/com/google
  artifactKey: Guid(2ff11a2fb83094d4da886ddaea36d157) Importer(815301076,1909f56bfc062723c751e8b465ee728b)
Start importing Assets/Firebase/m2repository/com/google using Guid(2ff11a2fb83094d4da886ddaea36d157) Importer(815301076,1909f56bfc062723c751e8b465ee728b)  -> (artifact id: 'ef0471e2af415ae4d31ff2eeed8acc4e') in 0.009496 seconds 
  Import took 0.014171 seconds .

========================================================================
Received Import Request.
  Time since last request: 0.027444 seconds.
  path: Assets/TextMesh Pro/Shaders
  artifactKey: Guid(e9f693669af91aa45ad615fc681ed29f) Importer(815301076,1909f56bfc062723c751e8b465ee728b)
Start importing Assets/TextMesh Pro/Shaders using Guid(e9f693669af91aa45ad615fc681ed29f) Importer(815301076,1909f56bfc062723c751e8b465ee728b)  -> (artifact id: '486066d15e4e2d1f404625b357b63227') in 0.007188 seconds 
  Import took 0.014731 seconds .

========================================================================
Received Import Request.
  Time since last request: 0.016384 seconds.
  path: Assets/Editor Default Resources/Firebase/fb_functions.png
  artifactKey: Guid(953367231f9e3e22e70e5d1c91a40fe5) Importer(815301076,1909f56bfc062723c751e8b465ee728b)
Start importing Assets/Editor Default Resources/Firebase/fb_functions.png using Guid(953367231f9e3e22e70e5d1c91a40fe5) Importer(815301076,1909f56bfc062723c751e8b465ee728b)  -> (artifact id: 'fbed6bc49b00ced816594076e7cfcc68') in 0.065355 seconds 
  Import took 0.070952 seconds .

========================================================================
Received Import Request.
  Time since last request: 0.008443 seconds.
  path: Assets/Firebase/m2repository/com/google/firebase
  artifactKey: Guid(bab38f3fcadaa1942b5400ed3665f989) Importer(815301076,1909f56bfc062723c751e8b465ee728b)
Start importing Assets/Firebase/m2repository/com/google/firebase using Guid(bab38f3fcadaa1942b5400ed3665f989) Importer(815301076,1909f56bfc062723c751e8b465ee728b)  -> (artifact id: 'cbcd654ec60dc7363a70ec3def425e6b') in 0.010958 seconds 
  Import took 0.015931 seconds .

========================================================================
Received Import Request.
  Time since last request: 0.022616 seconds.
  path: Assets/Firebase/m2repository
  artifactKey: Guid(740b904c8fced1c41954c045a4591e06) Importer(815301076,1909f56bfc062723c751e8b465ee728b)
Start importing Assets/Firebase/m2repository using Guid(740b904c8fced1c41954c045a4591e06) Importer(815301076,1909f56bfc062723c751e8b465ee728b)  -> (artifact id: '7c098783fc1737ff72f68f679f932ae9') in 0.011097 seconds 
  Import took 0.016914 seconds .

========================================================================
Received Import Request.
  Time since last request: 0.008045 seconds.
  path: Assets/Plugins/iOS/Firebase
  artifactKey: Guid(dbff6b3cd67148f46ab8c5325cce9ece) Importer(815301076,1909f56bfc062723c751e8b465ee728b)
Start importing Assets/Plugins/iOS/Firebase using Guid(dbff6b3cd67148f46ab8c5325cce9ece) Importer(815301076,1909f56bfc062723c751e8b465ee728b)  -> (artifact id: '588f3d115ba618749215bd9ea4e6a4cb') in 0.009124 seconds 
  Import took 0.016544 seconds .

========================================================================
Received Import Request.
  Time since last request: 0.020866 seconds.
  path: Assets/Firebase/Editor/AppDependencies.xml
  artifactKey: Guid(9b63af95d9364af4a3d8ce58738b6223) Importer(815301076,1909f56bfc062723c751e8b465ee728b)
Start importing Assets/Firebase/Editor/AppDependencies.xml using Guid(9b63af95d9364af4a3d8ce58738b6223) Importer(815301076,1909f56bfc062723c751e8b465ee728b)  -> (artifact id: 'a69e3b10254ed56d8c694d2e8082fbce') in 0.015291 seconds 
  Import took 0.022661 seconds .

========================================================================
Received Import Request.
  Time since last request: 0.018577 seconds.
  path: Assets/Editor Default Resources/Firebase/fb_auth_dark.png
  artifactKey: Guid(3a9e1ef6287664c389bb09e2ac1b23b7) Importer(815301076,1909f56bfc062723c751e8b465ee728b)
Start importing Assets/Editor Default Resources/Firebase/fb_auth_dark.png using Guid(3a9e1ef6287664c389bb09e2ac1b23b7) Importer(815301076,1909f56bfc062723c751e8b465ee728b)  -> (artifact id: 'cb51eab93b584367db621a334362e65b') in 0.015679 seconds 
  Import took 0.022287 seconds .

========================================================================
Received Import Request.
  Time since last request: 0.009691 seconds.
  path: Assets/Editor Default Resources/Firebase/fb_config.png
  artifactKey: Guid(415eaec414af14d11955222a282aca08) Importer(815301076,1909f56bfc062723c751e8b465ee728b)
Start importing Assets/Editor Default Resources/Firebase/fb_config.png using Guid(415eaec414af14d11955222a282aca08) Importer(815301076,1909f56bfc062723c751e8b465ee728b)  -> (artifact id: 'b54847ea9eb6109d79a3f3e57790fae9') in 0.017877 seconds 
  Import took 0.024266 seconds .

========================================================================
Received Import Request.
  Time since last request: 0.016017 seconds.
  path: Assets/StreamingAssets
  artifactKey: Guid(970875aaa150c3048842d632d438e578) Importer(815301076,1909f56bfc062723c751e8b465ee728b)
Start importing Assets/StreamingAssets using Guid(970875aaa150c3048842d632d438e578) Importer(815301076,1909f56bfc062723c751e8b465ee728b)  -> (artifact id: 'adf9bbd4be02ce32ba882fab378f26c6') in 0.007910 seconds 
  Import took 0.013654 seconds .

========================================================================
Received Import Request.
  Time since last request: 0.022978 seconds.
  path: Assets/TextMesh Pro/Resources/LineBreaking Following Characters.txt
  artifactKey: Guid(fade42e8bc714b018fac513c043d323b) Importer(815301076,1909f56bfc062723c751e8b465ee728b)
Start importing Assets/TextMesh Pro/Resources/LineBreaking Following Characters.txt using Guid(fade42e8bc714b018fac513c043d323b) Importer(815301076,1909f56bfc062723c751e8b465ee728b)  -> (artifact id: 'c84519695b966c8ddf8d325a6adc21d0') in 0.014644 seconds 
  Import took 0.019483 seconds .

========================================================================
Received Import Request.
  Time since last request: 0.035751 seconds.
  path: Assets/TextMesh Pro/Fonts
  artifactKey: Guid(6ab70aee4d56447429c680537fbf93ed) Importer(815301076,1909f56bfc062723c751e8b465ee728b)
Start importing Assets/TextMesh Pro/Fonts using Guid(6ab70aee4d56447429c680537fbf93ed) Importer(815301076,1909f56bfc062723c751e8b465ee728b)  -> (artifact id: 'c860dfdf0522eec1202f36843e52d436') in 0.009649 seconds 
  Import took 0.014973 seconds .

========================================================================
Received Import Request.
  Time since last request: 0.017308 seconds.
  path: Assets/Editor Default Resources/Firebase/fb_storage_dark.png
  artifactKey: Guid(2955864b938094f579ea9902b65ac10c) Importer(815301076,1909f56bfc062723c751e8b465ee728b)
Start importing Assets/Editor Default Resources/Firebase/fb_storage_dark.png using Guid(2955864b938094f579ea9902b65ac10c) Importer(815301076,1909f56bfc062723c751e8b465ee728b)  -> (artifact id: '5e4112cc117f08829fda23ce6ea0ca3f') in 0.014078 seconds 
  Import took 0.019757 seconds .

========================================================================
Received Import Request.
  Time since last request: 0.011194 seconds.
  path: Assets/ExternalDependencyManager/Editor/LICENSE
  artifactKey: Guid(033ad4fc814d402f850d4ac1bed190de) Importer(815301076,1909f56bfc062723c751e8b465ee728b)
Start importing Assets/ExternalDependencyManager/Editor/LICENSE using Guid(033ad4fc814d402f850d4ac1bed190de) Importer(815301076,1909f56bfc062723c751e8b465ee728b)  -> (artifact id: '9a8837ab1f8c366a1109dbd4f9510d08') in 0.008167 seconds 
  Import took 0.013873 seconds .

========================================================================
Received Import Request.
  Time since last request: 0.004751 seconds.
  path: Assets/TextMesh Pro
  artifactKey: Guid(f54d1bd14bd3ca042bd867b519fee8cc) Importer(815301076,1909f56bfc062723c751e8b465ee728b)
Start importing Assets/TextMesh Pro using Guid(f54d1bd14bd3ca042bd867b519fee8cc) Importer(815301076,1909f56bfc062723c751e8b465ee728b)  -> (artifact id: '16b4cbde9565bf190136f1148817e1ea') in 0.008987 seconds 
  Import took 0.015524 seconds .

========================================================================
Received Import Request.
  Time since last request: 0.042262 seconds.
  path: Assets/Firebase/Plugins/Firebase.Auth.dll.mdb
  artifactKey: Guid(e66cc65dae4c4d79b86c3314e3f306c4) Importer(815301076,1909f56bfc062723c751e8b465ee728b)
Start importing Assets/Firebase/Plugins/Firebase.Auth.dll.mdb using Guid(e66cc65dae4c4d79b86c3314e3f306c4) Importer(815301076,1909f56bfc062723c751e8b465ee728b)  -> (artifact id: '2dc4284664f3de4aef6d3f5320e7fbd0') in 0.008068 seconds 
  Import took 0.013972 seconds .

========================================================================
Received Import Request.
  Time since last request: 0.199551 seconds.
  path: Assets/Firebase/Plugins/x86_64/FirebaseCppApp-8_7_0.so
  artifactKey: Guid(e95c5435ab6946abae964e496809b953) Importer(815301076,1909f56bfc062723c751e8b465ee728b)
Start importing Assets/Firebase/Plugins/x86_64/FirebaseCppApp-8_7_0.so using Guid(e95c5435ab6946abae964e496809b953) Importer(815301076,1909f56bfc062723c751e8b465ee728b)  -> (artifact id: '864bc9306a8fc2dd0e69deef8ade419c') in 0.009906 seconds 
  Import took 0.013776 seconds .

========================================================================
Received Import Request.
  Time since last request: 0.008294 seconds.
  path: Assets/Firebase/m2repository/com/google/firebase/firebase-app-unity/maven-metadata.xml
  artifactKey: Guid(96337775a7c941d88ea15f8026ad6f8e) Importer(815301076,1909f56bfc062723c751e8b465ee728b)
Start importing Assets/Firebase/m2repository/com/google/firebase/firebase-app-unity/maven-metadata.xml using Guid(96337775a7c941d88ea15f8026ad6f8e) Importer(815301076,1909f56bfc062723c751e8b465ee728b)  -> (artifact id: 'a04646632e69db1f043b64cb37797a57') in 0.007863 seconds 
  Import took 0.014604 seconds .

========================================================================
Received Import Request.
  Time since last request: 0.017837 seconds.
  path: Assets/Plugins
  artifactKey: Guid(9971b038da909f24cb058901cd9214a8) Importer(815301076,1909f56bfc062723c751e8b465ee728b)
Start importing Assets/Plugins using Guid(9971b038da909f24cb058901cd9214a8) Importer(815301076,1909f56bfc062723c751e8b465ee728b)  -> (artifact id: 'ab78b1e934f182d85791387f27fdcc30') in 0.008636 seconds 
  Import took 0.016197 seconds .

========================================================================
Received Import Request.
  Time since last request: 0.025741 seconds.
  path: Assets/Firebase/Plugins/iOS
  artifactKey: Guid(5741b9614d99fbf4d933a2d717814be9) Importer(815301076,1909f56bfc062723c751e8b465ee728b)
Start importing Assets/Firebase/Plugins/iOS using Guid(5741b9614d99fbf4d933a2d717814be9) Importer(815301076,1909f56bfc062723c751e8b465ee728b)  -> (artifact id: '172604b4c99af66ebf291764a1781cb2') in 0.010277 seconds 
  Import took 0.014500 seconds .

========================================================================
Received Import Request.
  Time since last request: 0.034029 seconds.
  path: Assets/Editor Default Resources/Firebase/fb_auth.png
  artifactKey: Guid(394b3ec4d60c24476a12e4ba696d9e5d) Importer(815301076,1909f56bfc062723c751e8b465ee728b)
Start importing Assets/Editor Default Resources/Firebase/fb_auth.png using Guid(394b3ec4d60c24476a12e4ba696d9e5d) Importer(815301076,1909f56bfc062723c751e8b465ee728b)  -> (artifact id: 'f60b39a4eef4768b3a9a3616660dad25') in 0.016824 seconds 
  Import took 0.021553 seconds .

========================================================================
Received Import Request.
  Time since last request: 0.035044 seconds.
  path: Assets/TextMesh Pro/Shaders/TMP_Bitmap-Custom-Atlas.shader
  artifactKey: Guid(48bb5f55d8670e349b6e614913f9d910) Importer(815301076,1909f56bfc062723c751e8b465ee728b)
Start importing Assets/TextMesh Pro/Shaders/TMP_Bitmap-Custom-Atlas.shader using Guid(48bb5f55d8670e349b6e614913f9d910) Importer(815301076,1909f56bfc062723c751e8b465ee728b)  -> (artifact id: '9e12da988b3dd4a339ef4b97fef8df05') in 0.010120 seconds 
  Import took 0.014332 seconds .

========================================================================
Received Import Request.
  Time since last request: 0.016369 seconds.
  path: Assets/Editor Default Resources/Firebase/fb_cloud_messaging_dark.png
  artifactKey: Guid(20c5b8a1f82cb4aadb77ca20683d2a6e) Importer(815301076,1909f56bfc062723c751e8b465ee728b)
Start importing Assets/Editor Default Resources/Firebase/fb_cloud_messaging_dark.png using Guid(20c5b8a1f82cb4aadb77ca20683d2a6e) Importer(815301076,1909f56bfc062723c751e8b465ee728b)  -> (artifact id: '8fb3a46cb5652d6de82bd12a573bdcd7') in 0.015223 seconds 
  Import took 0.019662 seconds .

========================================================================
Received Import Request.
  Time since last request: 0.021714 seconds.
  path: Assets/Firebase/Editor/AuthDependencies.xml
  artifactKey: Guid(2bec2bf8d84d4997ba2dd66263781f3d) Importer(815301076,1909f56bfc062723c751e8b465ee728b)
Start importing Assets/Firebase/Editor/AuthDependencies.xml using Guid(2bec2bf8d84d4997ba2dd66263781f3d) Importer(815301076,1909f56bfc062723c751e8b465ee728b)  -> (artifact id: 'c1cc52fe01ac8898c1351b2c10c7c4bd') in 0.008426 seconds 
  Import took 0.015342 seconds .

========================================================================
Received Import Request.
  Time since last request: 0.034008 seconds.
  path: Assets/Editor Default Resources/Firebase/fb_analytics.png
  artifactKey: Guid(dc218b335b1d14cd5ae532f65042d829) Importer(815301076,1909f56bfc062723c751e8b465ee728b)
Start importing Assets/Editor Default Resources/Firebase/fb_analytics.png using Guid(dc218b335b1d14cd5ae532f65042d829) Importer(815301076,1909f56bfc062723c751e8b465ee728b)  -> (artifact id: 'aa95a9ca286db491fa9f9d9b38815b84') in 0.011526 seconds 
  Import took 0.019518 seconds .

========================================================================
Received Import Request.
  Time since last request: 0.024121 seconds.
  path: Assets/Firebase/Editor/Firebase.Editor.dll.mdb
  artifactKey: Guid(7f7b9cecf58b463599316e650bec7cb6) Importer(815301076,1909f56bfc062723c751e8b465ee728b)
Start importing Assets/Firebase/Editor/Firebase.Editor.dll.mdb using Guid(7f7b9cecf58b463599316e650bec7cb6) Importer(815301076,1909f56bfc062723c751e8b465ee728b)  -> (artifact id: 'b3558dcc668a9a5b00cd986a99146c1d') in 0.009907 seconds 
  Import took 0.014237 seconds .

========================================================================
Received Import Request.
  Time since last request: 0.004743 seconds.
  path: Assets/Firebase/m2repository/com/google/firebase/firebase-app-unity/8.7.0
  artifactKey: Guid(2ce3023b482fc3d478413e065d727111) Importer(815301076,1909f56bfc062723c751e8b465ee728b)
Start importing Assets/Firebase/m2repository/com/google/firebase/firebase-app-unity/8.7.0 using Guid(2ce3023b482fc3d478413e065d727111) Importer(815301076,1909f56bfc062723c751e8b465ee728b)  -> (artifact id: 'b4c8b9870de99d1ef9294f1273f35653') in 0.010104 seconds 
  Import took 0.013844 seconds .

========================================================================
Received Import Request.
  Time since last request: 0.047723 seconds.
  path: Assets/Plugins/iOS/Firebase/libFirebaseCppApp.a
  artifactKey: Guid(601e8e1d2d2744929ede33676cbeccc0) Importer(815301076,1909f56bfc062723c751e8b465ee728b)
Start importing Assets/Plugins/iOS/Firebase/libFirebaseCppApp.a using Guid(601e8e1d2d2744929ede33676cbeccc0) Importer(815301076,1909f56bfc062723c751e8b465ee728b)  -> (artifact id: 'c18cbf5a5d5cd828a2b74a55dc3aa9ac') in 0.007935 seconds 
  Import took 0.013662 seconds .

========================================================================
Received Import Request.
  Time since last request: 0.003894 seconds.
  path: Assets/Firebase/m2repository/com/google/firebase/firebase-auth-unity/8.7.0
  artifactKey: Guid(11bad7bbc7b95d745a9504a740cc74d4) Importer(815301076,1909f56bfc062723c751e8b465ee728b)
Start importing Assets/Firebase/m2repository/com/google/firebase/firebase-auth-unity/8.7.0 using Guid(11bad7bbc7b95d745a9504a740cc74d4) Importer(815301076,1909f56bfc062723c751e8b465ee728b)  -> (artifact id: '8d31c85bcd5fcbd5f95299331d1ce5fd') in 0.003013 seconds 
  Import took 0.006683 seconds .

========================================================================
Received Import Request.
  Time since last request: 0.024125 seconds.
  path: Assets/TextMesh Pro/Resources/Style Sheets/Default Style Sheet.asset
  artifactKey: Guid(f952c082cb03451daed3ee968ac6c63e) Importer(815301076,1909f56bfc062723c751e8b465ee728b)
Start importing Assets/TextMesh Pro/Resources/Style Sheets/Default Style Sheet.asset using Guid(f952c082cb03451daed3ee968ac6c63e) Importer(815301076,1909f56bfc062723c751e8b465ee728b)  -> (artifact id: '99846f5a5cef2b9fb3476a6a84d35918') in 0.010285 seconds 
  Import took 0.016610 seconds .

========================================================================
Received Import Request.
  Time since last request: 0.018246 seconds.
  path: Assets/TextMesh Pro/Resources/Sprite Assets/EmojiOne.asset
  artifactKey: Guid(c41005c129ba4d66911b75229fd70b45) Importer(815301076,1909f56bfc062723c751e8b465ee728b)
Start importing Assets/TextMesh Pro/Resources/Sprite Assets/EmojiOne.asset using Guid(c41005c129ba4d66911b75229fd70b45) Importer(815301076,1909f56bfc062723c751e8b465ee728b)  -> (artifact id: '093a2cdfc4701742cd4e2e9653a3929b') in 0.018603 seconds 
  Import took 0.022451 seconds .

========================================================================
Received Import Request.
  Time since last request: 0.015126 seconds.
  path: Assets/Plugins/iOS/Firebase/libFirebaseCppAuth.a
  artifactKey: Guid(44a214618eb6473db34d3808eb040cfb) Importer(815301076,1909f56bfc062723c751e8b465ee728b)
Start importing Assets/Plugins/iOS/Firebase/libFirebaseCppAuth.a using Guid(44a214618eb6473db34d3808eb040cfb) Importer(815301076,1909f56bfc062723c751e8b465ee728b)  -> (artifact id: 'd33f859a6cb41c548a279d1ec86a4d80') in 0.008111 seconds 
  Import took 0.011875 seconds .

========================================================================
Received Import Request.
  Time since last request: 0.015167 seconds.
  path: Assets/TextMesh Pro/Shaders/TMP_Sprite.shader
  artifactKey: Guid(cf81c85f95fe47e1a27f6ae460cf182c) Importer(815301076,1909f56bfc062723c751e8b465ee728b)
Start importing Assets/TextMesh Pro/Shaders/TMP_Sprite.shader using Guid(cf81c85f95fe47e1a27f6ae460cf182c) Importer(815301076,1909f56bfc062723c751e8b465ee728b)  -> (artifact id: 'b7e22d2e4f4ae1fd1f2d822a647ec718') in 0.007183 seconds 
  Import took 0.010627 seconds .

========================================================================
Received Import Request.
  Time since last request: 0.008450 seconds.
  path: Assets/TextMesh Pro/Sprites/EmojiOne Attribution.txt
  artifactKey: Guid(381dcb09d5029d14897e55f98031fca5) Importer(815301076,1909f56bfc062723c751e8b465ee728b)
Start importing Assets/TextMesh Pro/Sprites/EmojiOne Attribution.txt using Guid(381dcb09d5029d14897e55f98031fca5) Importer(815301076,1909f56bfc062723c751e8b465ee728b)  -> (artifact id: 'a93e932dc712dec422b2d5903b71fff9') in 0.007945 seconds 
  Import took 0.013423 seconds .

========================================================================
Received Import Request.
  Time since last request: 0.088420 seconds.
  path: Assets/Plugins/Android/FirebaseApp.androidlib/res/values
  artifactKey: Guid(55f61db3dbcc96b46b92959f0665b26c) Importer(815301076,1909f56bfc062723c751e8b465ee728b)
Start importing Assets/Plugins/Android/FirebaseApp.androidlib/res/values using Guid(55f61db3dbcc96b46b92959f0665b26c) Importer(815301076,1909f56bfc062723c751e8b465ee728b)  -> (artifact id: '6415aa263d11af438ef324758ce4ee46') in 0.009762 seconds 
  Import took 0.013481 seconds .

========================================================================
Received Import Request.
  Time since last request: 0.020551 seconds.
  path: Assets/StreamingAssets/google-services-desktop.json
  artifactKey: Guid(badbfec9734f51f47b312467d9082601) Importer(815301076,1909f56bfc062723c751e8b465ee728b)
Start importing Assets/StreamingAssets/google-services-desktop.json using Guid(badbfec9734f51f47b312467d9082601) Importer(815301076,1909f56bfc062723c751e8b465ee728b)  -> (artifact id: 'e692ae9420ba47b69d31f0048c0aa818') in 0.015351 seconds 
  Import took 0.019411 seconds .

========================================================================
Received Import Request.
  Time since last request: 0.023890 seconds.
  path: Assets/TextMesh Pro/Resources/Sprite Assets
  artifactKey: Guid(512a49d95c0c4332bdd98131869c23c9) Importer(815301076,1909f56bfc062723c751e8b465ee728b)
Start importing Assets/TextMesh Pro/Resources/Sprite Assets using Guid(512a49d95c0c4332bdd98131869c23c9) Importer(815301076,1909f56bfc062723c751e8b465ee728b)  -> (artifact id: 'b31814b8e9a6a2d42a48cf87797f0e5e') in 0.006010 seconds 
  Import took 0.010244 seconds .

========================================================================
Received Import Request.
  Time since last request: 0.023909 seconds.
  path: Assets/Plugins/Android/FirebaseApp.androidlib/project.properties
  artifactKey: Guid(2ba42df909f0d99439e4222f464f0263) Importer(815301076,1909f56bfc062723c751e8b465ee728b)
Start importing Assets/Plugins/Android/FirebaseApp.androidlib/project.properties using Guid(2ba42df909f0d99439e4222f464f0263) Importer(815301076,1909f56bfc062723c751e8b465ee728b)  -> (artifact id: '5225bd614d1739fb986ab6be58754fc2') in 0.008371 seconds 
  Import took 0.012085 seconds .

========================================================================
Received Import Request.
  Time since last request: 0.009232 seconds.
  path: Assets/TextMesh Pro/Shaders/TMP_SDF Overlay.shader
  artifactKey: Guid(dd89cf5b9246416f84610a006f916af7) Importer(815301076,1909f56bfc062723c751e8b465ee728b)
Start importing Assets/TextMesh Pro/Shaders/TMP_SDF Overlay.shader using Guid(dd89cf5b9246416f84610a006f916af7) Importer(815301076,1909f56bfc062723c751e8b465ee728b)  -> (artifact id: '3a6f7cfde66e201596fbfa81356d5929') in 0.007502 seconds 
  Import took 0.012062 seconds .

========================================================================
Received Import Request.
  Time since last request: 0.065689 seconds.
  path: Assets/TextMesh Pro/Sprites/EmojiOne.png
  artifactKey: Guid(dffef66376be4fa480fb02b19edbe903) Importer(815301076,1909f56bfc062723c751e8b465ee728b)
Start importing Assets/TextMesh Pro/Sprites/EmojiOne.png using Guid(dffef66376be4fa480fb02b19edbe903) Importer(815301076,1909f56bfc062723c751e8b465ee728b)  -> (artifact id: '1bdbab79574d9199534a6046307e1746') in 0.031355 seconds 
  Import took 0.036843 seconds .

========================================================================
Received Import Request.
  Time since last request: 0.077951 seconds.
  path: Assets/Firebase/m2repository/com/google/firebase/firebase-auth-unity
  artifactKey: Guid(bc04961020011214bb228656b3c168a6) Importer(815301076,1909f56bfc062723c751e8b465ee728b)
Start importing Assets/Firebase/m2repository/com/google/firebase/firebase-auth-unity using Guid(bc04961020011214bb228656b3c168a6) Importer(815301076,1909f56bfc062723c751e8b465ee728b)  -> (artifact id: '21a482dd3b72069ce25aa5db5c2be21b') in 0.007827 seconds 
  Import took 0.018055 seconds .

========================================================================
Received Import Request.
  Time since last request: 0.022655 seconds.
  path: Assets/Firebase/Plugins/x86_64/FirebaseCppAuth.dll
  artifactKey: Guid(05faff41310d42b1b623c09a22aa53ff) Importer(815301076,1909f56bfc062723c751e8b465ee728b)
Start importing Assets/Firebase/Plugins/x86_64/FirebaseCppAuth.dll using Guid(05faff41310d42b1b623c09a22aa53ff) Importer(815301076,1909f56bfc062723c751e8b465ee728b)  -> (artifact id: '831b0ceb0f2a02c392b6deec9eb800e5') in 0.016776 seconds 
  Import took 0.021305 seconds .

========================================================================
Received Import Request.
  Time since last request: 0.057917 seconds.
  path: Assets/ExternalDependencyManager/Editor/CHANGELOG.md
  artifactKey: Guid(625a79a288214d5696f26c749ce68b3f) Importer(815301076,1909f56bfc062723c751e8b465ee728b)
Start importing Assets/ExternalDependencyManager/Editor/CHANGELOG.md using Guid(625a79a288214d5696f26c749ce68b3f) Importer(815301076,1909f56bfc062723c751e8b465ee728b)  -> (artifact id: '9c609146ce69499f4c3edf7d04294164') in 0.009490 seconds 
  Import took 0.015219 seconds .

========================================================================
Received Import Request.
  Time since last request: 0.007291 seconds.
  path: Assets/ExternalDependencyManager
  artifactKey: Guid(dfb41ffbdba56404daac7183b2ef5e3e) Importer(815301076,1909f56bfc062723c751e8b465ee728b)
Start importing Assets/ExternalDependencyManager using Guid(dfb41ffbdba56404daac7183b2ef5e3e) Importer(815301076,1909f56bfc062723c751e8b465ee728b)  -> (artifact id: '37e8d7d337ac067fc4d2f0484d2f9793') in 0.007635 seconds 
  Import took 0.013989 seconds .

========================================================================
Received Import Request.
  Time since last request: 0.006471 seconds.
  path: Assets/TextMesh Pro/Shaders/TMP_Bitmap-Mobile.shader
  artifactKey: Guid(1e3b057af24249748ff873be7fafee47) Importer(815301076,1909f56bfc062723c751e8b465ee728b)
Start importing Assets/TextMesh Pro/Shaders/TMP_Bitmap-Mobile.shader using Guid(1e3b057af24249748ff873be7fafee47) Importer(815301076,1909f56bfc062723c751e8b465ee728b)  -> (artifact id: '781de919be87db38eb51354aa8fb7892') in 0.010374 seconds 
  Import took 0.015126 seconds .

========================================================================
Received Import Request.
  Time since last request: 0.007974 seconds.
  path: Assets/TextMesh Pro/Shaders/TMP_SDF-Mobile Overlay.shader
  artifactKey: Guid(a02a7d8c237544f1962732b55a9aebf1) Importer(815301076,1909f56bfc062723c751e8b465ee728b)
Start importing Assets/TextMesh Pro/Shaders/TMP_SDF-Mobile Overlay.shader using Guid(a02a7d8c237544f1962732b55a9aebf1) Importer(815301076,1909f56bfc062723c751e8b465ee728b)  -> (artifact id: '4fbc4b7a4c1ddec181f6aaef4b6ae772') in 0.008125 seconds 
  Import took 0.014108 seconds .

========================================================================
Received Import Request.
  Time since last request: 0.059333 seconds.
  path: Assets/Editor Default Resources/Firebase/fb_crashlytics.png
  artifactKey: Guid(008a5e76206e49f9b06d8ba144aabb38) Importer(815301076,1909f56bfc062723c751e8b465ee728b)
Start importing Assets/Editor Default Resources/Firebase/fb_crashlytics.png using Guid(008a5e76206e49f9b06d8ba144aabb38) Importer(815301076,1909f56bfc062723c751e8b465ee728b)  -> (artifact id: 'd4a0b109ee5bbe24dafd2c0176317081') in 0.014531 seconds 
  Import took 0.018483 seconds .

========================================================================
Received Import Request.
  Time since last request: 0.025478 seconds.
  path: Assets/ExternalDependencyManager/Editor/1.2.168/Google.JarResolver.dll.mdb
  artifactKey: Guid(c3bd69f6413348abb3eaf6e1d6b74693) Importer(815301076,1909f56bfc062723c751e8b465ee728b)
Start importing Assets/ExternalDependencyManager/Editor/1.2.168/Google.JarResolver.dll.mdb using Guid(c3bd69f6413348abb3eaf6e1d6b74693) Importer(815301076,1909f56bfc062723c751e8b465ee728b)  -> (artifact id: '8c3863fb71b2fbdeec2126bf5896f095') in 0.008426 seconds 
  Import took 0.014163 seconds .

========================================================================
Received Import Request.
  Time since last request: 0.009410 seconds.
  path: Assets/TextMesh Pro/Resources/LineBreaking Leading Characters.txt
  artifactKey: Guid(d82c1b31c7e74239bff1220585707d2b) Importer(815301076,1909f56bfc062723c751e8b465ee728b)
Start importing Assets/TextMesh Pro/Resources/LineBreaking Leading Characters.txt using Guid(d82c1b31c7e74239bff1220585707d2b) Importer(815301076,1909f56bfc062723c751e8b465ee728b)  -> (artifact id: '55ff7fcf1dc11b21acfd2150599fb6bf') in 0.012710 seconds 
  Import took 0.016450 seconds .

========================================================================
Received Import Request.
  Time since last request: 0.025260 seconds.
  path: Assets/Firebase/Plugins/x86_64
  artifactKey: Guid(51cba9f43be11024c8ce03aeccadfc40) Importer(815301076,1909f56bfc062723c751e8b465ee728b)
Start importing Assets/Firebase/Plugins/x86_64 using Guid(51cba9f43be11024c8ce03aeccadfc40) Importer(815301076,1909f56bfc062723c751e8b465ee728b)  -> (artifact id: '3adba4f7a0293deefe3a5d3b9f4858b6') in 0.006292 seconds 
  Import took 0.012487 seconds .

========================================================================
Received Import Request.
  Time since last request: 0.033888 seconds.
  path: Assets/TextMesh Pro/Shaders/TMP_SDF SSD.shader
  artifactKey: Guid(14eb328de4b8eb245bb7cea29e4ac00b) Importer(815301076,1909f56bfc062723c751e8b465ee728b)
Start importing Assets/TextMesh Pro/Shaders/TMP_SDF SSD.shader using Guid(14eb328de4b8eb245bb7cea29e4ac00b) Importer(815301076,1909f56bfc062723c751e8b465ee728b)  -> (artifact id: 'dda8a03c2a6802f7eb535a211d260372') in 0.008071 seconds 
  Import took 0.012222 seconds .

========================================================================
Received Import Request.
  Time since last request: 0.056164 seconds.
  path: Assets/Editor Default Resources/Firebase/fb_config_dark.png
  artifactKey: Guid(0ad9ef5fff5524355a9670c90a99cbba) Importer(815301076,1909f56bfc062723c751e8b465ee728b)
Start importing Assets/Editor Default Resources/Firebase/fb_config_dark.png using Guid(0ad9ef5fff5524355a9670c90a99cbba) Importer(815301076,1909f56bfc062723c751e8b465ee728b)  -> (artifact id: '43ee3cde17814ed36596facdc6be0c8d') in 0.012251 seconds 
  Import took 0.016134 seconds .

========================================================================
Received Import Request.
  Time since last request: 0.017371 seconds.
  path: Assets/Plugins/Android
  artifactKey: Guid(c4ed451429d90af4db417da9f5f31597) Importer(815301076,1909f56bfc062723c751e8b465ee728b)
Start importing Assets/Plugins/Android using Guid(c4ed451429d90af4db417da9f5f31597) Importer(815301076,1909f56bfc062723c751e8b465ee728b)  -> (artifact id: 'c351d2869c5ce861cb0ed4ef1ccbb8b6') in 0.010667 seconds 
  Import took 0.016744 seconds .

========================================================================
Received Import Request.
  Time since last request: 0.023995 seconds.
  path: Assets/Firebase/Plugins/Firebase.TaskExtension.dll.mdb
  artifactKey: Guid(9b97197272244860a9e3f1af9dbb06aa) Importer(815301076,1909f56bfc062723c751e8b465ee728b)
Start importing Assets/Firebase/Plugins/Firebase.TaskExtension.dll.mdb using Guid(9b97197272244860a9e3f1af9dbb06aa) Importer(815301076,1909f56bfc062723c751e8b465ee728b)  -> (artifact id: '6b91fd30e483831892e22bcda28e0956') in 0.008700 seconds 
  Import took 0.018242 seconds .

========================================================================
Received Import Request.
  Time since last request: 0.055384 seconds.
  path: Assets/TextMesh Pro/Shaders/TMP_SDF.shader
  artifactKey: Guid(68e6db2ebdc24f95958faec2be5558d6) Importer(815301076,1909f56bfc062723c751e8b465ee728b)
Start importing Assets/TextMesh Pro/Shaders/TMP_SDF.shader using Guid(68e6db2ebdc24f95958faec2be5558d6) Importer(815301076,1909f56bfc062723c751e8b465ee728b)  -> (artifact id: '3b6cc03341e753baf130bf6fdf6fb54e') in 0.012121 seconds 
  Import took 0.018223 seconds .

========================================================================
Received Import Request.
  Time since last request: 0.037589 seconds.
  path: Assets/Editor Default Resources/Firebase/fb_analytics_dark.png
  artifactKey: Guid(9fe4b3bd3b7d2477dac92fb7429d1d1b) Importer(815301076,1909f56bfc062723c751e8b465ee728b)
Start importing Assets/Editor Default Resources/Firebase/fb_analytics_dark.png using Guid(9fe4b3bd3b7d2477dac92fb7429d1d1b) Importer(815301076,1909f56bfc062723c751e8b465ee728b)  -> (artifact id: 'fca00a45493e0beaa24ff836592326b6') in 0.018907 seconds 
  Import took 0.024326 seconds .

========================================================================
Received Import Request.
  Time since last request: 0.103000 seconds.
  path: Assets/TextMesh Pro/Shaders/TMP_SDF-Mobile.shader
  artifactKey: Guid(fe393ace9b354375a9cb14cdbbc28be4) Importer(815301076,1909f56bfc062723c751e8b465ee728b)
Start importing Assets/TextMesh Pro/Shaders/TMP_SDF-Mobile.shader using Guid(fe393ace9b354375a9cb14cdbbc28be4) Importer(815301076,1909f56bfc062723c751e8b465ee728b)  -> (artifact id: '59234c4373b2503eeecda25bd56faa11') in 0.010001 seconds 
  Import took 0.015847 seconds .

========================================================================
Received Import Request.
  Time since last request: 0.014566 seconds.
  path: Assets/Firebase/Editor/FirebaseAuth_version-8.7.0_manifest.txt
  artifactKey: Guid(21208dd176784f048bf252b6d228ff06) Importer(815301076,1909f56bfc062723c751e8b465ee728b)
Start importing Assets/Firebase/Editor/FirebaseAuth_version-8.7.0_manifest.txt using Guid(21208dd176784f048bf252b6d228ff06) Importer(815301076,1909f56bfc062723c751e8b465ee728b)  -> (artifact id: 'b1daf7e4b02e589c1602ccbf539654d8') in 0.014780 seconds 
  Import took 0.021035 seconds .

========================================================================
Received Import Request.
  Time since last request: 0.062965 seconds.
  path: Assets/Editor Default Resources/Firebase/fb_database.png
  artifactKey: Guid(3eea7b558c67b48e18acf3c278392e3d) Importer(815301076,1909f56bfc062723c751e8b465ee728b)
Start importing Assets/Editor Default Resources/Firebase/fb_database.png using Guid(3eea7b558c67b48e18acf3c278392e3d) Importer(815301076,1909f56bfc062723c751e8b465ee728b)  -> (artifact id: 'a89173c8b638cb03cb82108b7610847a') in 0.017109 seconds 
  Import took 0.023875 seconds .

========================================================================
Received Import Request.
  Time since last request: 0.029682 seconds.
  path: Assets/Firebase/Plugins/x86_64/FirebaseCppAuth.so
  artifactKey: Guid(a4d0f2c2a6ca44528c55eb26d36f25d6) Importer(815301076,1909f56bfc062723c751e8b465ee728b)
Start importing Assets/Firebase/Plugins/x86_64/FirebaseCppAuth.so using Guid(a4d0f2c2a6ca44528c55eb26d36f25d6) Importer(815301076,1909f56bfc062723c751e8b465ee728b)  -> (artifact id: 'dbe8e606b96b03be24a143efcf0a031f') in 0.003957 seconds 
  Import took 0.014107 seconds .

========================================================================
Received Import Request.
  Time since last request: 0.026819 seconds.
  path: Assets/Firebase/Plugins/Firebase.App.dll.mdb
  artifactKey: Guid(fc0d86fadf7e4dfba6fea54327923f95) Importer(815301076,1909f56bfc062723c751e8b465ee728b)
Start importing Assets/Firebase/Plugins/Firebase.App.dll.mdb using Guid(fc0d86fadf7e4dfba6fea54327923f95) Importer(815301076,1909f56bfc062723c751e8b465ee728b)  -> (artifact id: '265b11fc46693f8e597dc5b1bbc913e4') in 0.003247 seconds 
  Import took 0.009094 seconds .

========================================================================
Received Import Request.
  Time since last request: 0.037094 seconds.
  path: Assets/Editor Default Resources/Firebase/firebase_lockup.png
  artifactKey: Guid(9f058f25e8e2d47cfb894951d4d7e48a) Importer(815301076,1909f56bfc062723c751e8b465ee728b)
Start importing Assets/Editor Default Resources/Firebase/firebase_lockup.png using Guid(9f058f25e8e2d47cfb894951d4d7e48a) Importer(815301076,1909f56bfc062723c751e8b465ee728b)  -> (artifact id: '917a7e581b3dc602d817d0296e3fca5d') in 0.015992 seconds 
  Import took 0.022959 seconds .

========================================================================
Received Import Request.
  Time since last request: 0.009402 seconds.
  path: Assets/ExternalDependencyManager/Editor/1.2.168/Google.IOSResolver.dll.mdb
  artifactKey: Guid(753aaec3e0ac4f9fb0afb39856ef8113) Importer(815301076,1909f56bfc062723c751e8b465ee728b)
Start importing Assets/ExternalDependencyManager/Editor/1.2.168/Google.IOSResolver.dll.mdb using Guid(753aaec3e0ac4f9fb0afb39856ef8113) Importer(815301076,1909f56bfc062723c751e8b465ee728b)  -> (artifact id: '20903d6cdc9919806d13c879bdcf3700') in 0.009178 seconds 
  Import took 0.013540 seconds .

========================================================================
Received Import Request.
  Time since last request: 0.014522 seconds.
  path: Assets/Firebase/Plugins
  artifactKey: Guid(2a94cc5d0c0180541afc32664ecde130) Importer(815301076,1909f56bfc062723c751e8b465ee728b)
Start importing Assets/Firebase/Plugins using Guid(2a94cc5d0c0180541afc32664ecde130) Importer(815301076,1909f56bfc062723c751e8b465ee728b)  -> (artifact id: 'a9569797354d7b4f2dfe93647591bad9') in 0.006132 seconds 
  Import took 0.015489 seconds .

========================================================================
Received Import Request.
  Time since last request: 0.019170 seconds.
  path: Assets/Parse
  artifactKey: Guid(0628e502b54e0994e866c1ee6768b84f) Importer(815301076,1909f56bfc062723c751e8b465ee728b)
Start importing Assets/Parse using Guid(0628e502b54e0994e866c1ee6768b84f) Importer(815301076,1909f56bfc062723c751e8b465ee728b)  -> (artifact id: '52089f88e7901e88f560913f20005dc7') in 0.017412 seconds 
  Import took 0.024660 seconds .

========================================================================
Received Import Request.
  Time since last request: 0.015149 seconds.
  path: Assets/TextMesh Pro/Shaders/TMP_Bitmap.shader
  artifactKey: Guid(128e987d567d4e2c824d754223b3f3b0) Importer(815301076,1909f56bfc062723c751e8b465ee728b)
Start importing Assets/TextMesh Pro/Shaders/TMP_Bitmap.shader using Guid(128e987d567d4e2c824d754223b3f3b0) Importer(815301076,1909f56bfc062723c751e8b465ee728b)  -> (artifact id: 'bf4557746324e88d20225e0d6264b37a') in 0.015086 seconds 
  Import took 0.025448 seconds .

========================================================================
Received Import Request.
  Time since last request: 0.086155 seconds.
  path: Assets/Firebase/m2repository/com
  artifactKey: Guid(a9964baa8229f634e9771c405c586c29) Importer(815301076,1909f56bfc062723c751e8b465ee728b)
Start importing Assets/Firebase/m2repository/com using Guid(a9964baa8229f634e9771c405c586c29) Importer(815301076,1909f56bfc062723c751e8b465ee728b)  -> (artifact id: 'd787c8cbf6eee8a0552a78c557348854') in 0.013665 seconds 
  Import took 0.020704 seconds .

========================================================================
Received Import Request.
  Time since last request: 0.008798 seconds.
  path: Assets/ExternalDependencyManager/Editor/1.2.168
  artifactKey: Guid(7a73d130ae652eb4cb874dd6713bbe51) Importer(815301076,1909f56bfc062723c751e8b465ee728b)
Start importing Assets/ExternalDependencyManager/Editor/1.2.168 using Guid(7a73d130ae652eb4cb874dd6713bbe51) Importer(815301076,1909f56bfc062723c751e8b465ee728b)  -> (artifact id: 'a9436cf115b7ea92a3345b0d9a36d94d') in 0.014942 seconds 
  Import took 0.020903 seconds .

========================================================================
Received Import Request.
  Time since last request: 0.017857 seconds.
  path: Assets/TextMesh Pro/Sprites/EmojiOne.json
  artifactKey: Guid(8f05276190cf498a8153f6cbe761d4e6) Importer(815301076,1909f56bfc062723c751e8b465ee728b)
Start importing Assets/TextMesh Pro/Sprites/EmojiOne.json using Guid(8f05276190cf498a8153f6cbe761d4e6) Importer(815301076,1909f56bfc062723c751e8b465ee728b)  -> (artifact id: '9c491a4afbdae75051e2e9640592dc2a') in 0.004120 seconds 
  Import took 0.011942 seconds .

========================================================================
Received Import Request.
  Time since last request: 0.020271 seconds.
  path: Assets/TextMesh Pro/Shaders/TMP_SDF-Mobile SSD.shader
  artifactKey: Guid(c8d12adcee749c344b8117cf7c7eb912) Importer(815301076,1909f56bfc062723c751e8b465ee728b)
Start importing Assets/TextMesh Pro/Shaders/TMP_SDF-Mobile SSD.shader using Guid(c8d12adcee749c344b8117cf7c7eb912) Importer(815301076,1909f56bfc062723c751e8b465ee728b)  -> (artifact id: '9789cc14d48af56fcdeffcb19d20f444') in 0.010637 seconds 
  Import took 0.014673 seconds .

========================================================================
Received Import Request.
  Time since last request: 0.006025 seconds.
  path: Assets/TextMesh Pro/Resources/Fonts & Materials
  artifactKey: Guid(731f1baa9d144a9897cb1d341c2092b8) Importer(815301076,1909f56bfc062723c751e8b465ee728b)
Start importing Assets/TextMesh Pro/Resources/Fonts & Materials using Guid(731f1baa9d144a9897cb1d341c2092b8) Importer(815301076,1909f56bfc062723c751e8b465ee728b)  -> (artifact id: 'cbd6dcea75119183330fd0c84a35eed7') in 0.011926 seconds 
  Import took 0.017296 seconds .

========================================================================
Received Import Request.
  Time since last request: 0.010942 seconds.
  path: Assets/Editor Default Resources/Firebase/firebase_lockup_dark.png
  artifactKey: Guid(b93330fc8ea08407dbc514b5101afa14) Importer(815301076,1909f56bfc062723c751e8b465ee728b)
Start importing Assets/Editor Default Resources/Firebase/firebase_lockup_dark.png using Guid(b93330fc8ea08407dbc514b5101afa14) Importer(815301076,1909f56bfc062723c751e8b465ee728b)  -> (artifact id: '71e6e6d951dd1ee0f14b97864e6e083d') in 0.016790 seconds 
  Import took 0.022059 seconds .

========================================================================
Received Import Request.
  Time since last request: 0.054899 seconds.
  path: Assets/ExternalDependencyManager/Editor/README.md
  artifactKey: Guid(12bb9e142a8d4466998f8d56aaca1edd) Importer(815301076,1909f56bfc062723c751e8b465ee728b)
Start importing Assets/ExternalDependencyManager/Editor/README.md using Guid(12bb9e142a8d4466998f8d56aaca1edd) Importer(815301076,1909f56bfc062723c751e8b465ee728b)  -> (artifact id: '0a7b2f1bb4a9b8e439c5ee333551668d') in 0.009010 seconds 
  Import took 0.015723 seconds .

========================================================================
Received Import Request.
  Time since last request: 0.101450 seconds.
  path: Assets/Editor Default Resources/Firebase/fb_crashlytics_dark.png
  artifactKey: Guid(214009068900439da4a9cded17d58090) Importer(815301076,1909f56bfc062723c751e8b465ee728b)
Start importing Assets/Editor Default Resources/Firebase/fb_crashlytics_dark.png using Guid(214009068900439da4a9cded17d58090) Importer(815301076,1909f56bfc062723c751e8b465ee728b)  -> (artifact id: 'dca3d17f9563ba7dee9307e8a1359aa9') in 0.014240 seconds 
  Import took 0.020870 seconds .

========================================================================
Received Import Request.
  Time since last request: 0.005333 seconds.
  path: Assets/Firebase/m2repository/com/google/firebase/firebase-app-unity
  artifactKey: Guid(1bb8e5009f19dc447a090eaa722bfc5c) Importer(815301076,1909f56bfc062723c751e8b465ee728b)
Start importing Assets/Firebase/m2repository/com/google/firebase/firebase-app-unity using Guid(1bb8e5009f19dc447a090eaa722bfc5c) Importer(815301076,1909f56bfc062723c751e8b465ee728b)  -> (artifact id: '07da7bb0f2d0ed53d67730b7a1fb9b8e') in 0.008389 seconds 
  Import took 0.013137 seconds .

========================================================================
Received Import Request.
  Time since last request: 0.007777 seconds.
  path: Assets/Editor Default Resources/Firebase/fb_database_dark.png
  artifactKey: Guid(9f6bfa9d8aefb40dc92461c372c73b0f) Importer(815301076,1909f56bfc062723c751e8b465ee728b)
Start importing Assets/Editor Default Resources/Firebase/fb_database_dark.png using Guid(9f6bfa9d8aefb40dc92461c372c73b0f) Importer(815301076,1909f56bfc062723c751e8b465ee728b)  -> (artifact id: 'c1e0b5e20e319ad7de9a9446b6ce8c60') in 0.013365 seconds 
  Import took 0.016849 seconds .

========================================================================
Received Import Request.
  Time since last request: 0.024185 seconds.
  path: Assets/Firebase/Editor
  artifactKey: Guid(c93900ca7a9261c4bab1935372a8c303) Importer(815301076,1909f56bfc062723c751e8b465ee728b)
Start importing Assets/Firebase/Editor using Guid(c93900ca7a9261c4bab1935372a8c303) Importer(815301076,1909f56bfc062723c751e8b465ee728b)  -> (artifact id: '333c7e88a7ab7bfb3dbe9c84928001e5') in 0.006507 seconds 
  Import took 0.010481 seconds .

========================================================================
Received Import Request.
  Time since last request: 0.017199 seconds.
  path: Assets/Firebase/m2repository/com/google/firebase/firebase-auth-unity/8.7.0/firebase-auth-unity-8.7.0.srcaar
  artifactKey: Guid(951c307632264deb92682c1350d8b72e) Importer(815301076,1909f56bfc062723c751e8b465ee728b)
Start importing Assets/Firebase/m2repository/com/google/firebase/firebase-auth-unity/8.7.0/firebase-auth-unity-8.7.0.srcaar using Guid(951c307632264deb92682c1350d8b72e) Importer(815301076,1909f56bfc062723c751e8b465ee728b)  -> (artifact id: '0849298a84dff0a762cd90ebca60c08b') in 0.008405 seconds 
  Import took 0.015119 seconds .

========================================================================
Received Import Request.
  Time since last request: 0.042684 seconds.
  path: Assets/Plugins/Android/FirebaseApp.androidlib/res/values/google-services.xml
  artifactKey: Guid(5a027ad2e5f836949a9eca2bfe6c0992) Importer(815301076,1909f56bfc062723c751e8b465ee728b)
Start importing Assets/Plugins/Android/FirebaseApp.androidlib/res/values/google-services.xml using Guid(5a027ad2e5f836949a9eca2bfe6c0992) Importer(815301076,1909f56bfc062723c751e8b465ee728b)  -> (artifact id: 'aeb6dde7eaffd07f306ed1bbc044ad3a') in 0.011670 seconds 
  Import took 0.016268 seconds .

========================================================================
Received Import Request.
  Time since last request: 0.008048 seconds.
  path: Assets/Plugins/Android/FirebaseApp.androidlib/res
  artifactKey: Guid(bd1d5443ca89ef34cb65d729bb1addba) Importer(815301076,1909f56bfc062723c751e8b465ee728b)
Start importing Assets/Plugins/Android/FirebaseApp.androidlib/res using Guid(bd1d5443ca89ef34cb65d729bb1addba) Importer(815301076,1909f56bfc062723c751e8b465ee728b)  -> (artifact id: '9fb6ae1cca13f1df9cc315f00fec8cc7') in 0.014199 seconds 
  Import took 0.025883 seconds .

========================================================================
Received Import Request.
  Time since last request: 0.014575 seconds.
  path: Assets/TextMesh Pro/Shaders/TMP_SDF-Surface-Mobile.shader
  artifactKey: Guid(85187c2149c549c5b33f0cdb02836b17) Importer(815301076,1909f56bfc062723c751e8b465ee728b)
Start importing Assets/TextMesh Pro/Shaders/TMP_SDF-Surface-Mobile.shader using Guid(85187c2149c549c5b33f0cdb02836b17) Importer(815301076,1909f56bfc062723c751e8b465ee728b)  -> (artifact id: '407c86c1580885d84522217fd4e62150') in 0.014699 seconds 
  Import took 0.019922 seconds .

========================================================================
Received Import Request.
  Time since last request: 0.013268 seconds.
  path: Assets/TextMesh Pro/Shaders/TMPro_Properties.cginc
  artifactKey: Guid(3997e2241185407d80309a82f9148466) Importer(815301076,1909f56bfc062723c751e8b465ee728b)
Start importing Assets/TextMesh Pro/Shaders/TMPro_Properties.cginc using Guid(3997e2241185407d80309a82f9148466) Importer(815301076,1909f56bfc062723c751e8b465ee728b)  -> (artifact id: '25b87a6c906e2ff6005352074e70dba6') in 0.017244 seconds 
  Import took 0.022165 seconds .

========================================================================
Received Import Request.
  Time since last request: 0.046638 seconds.
  path: Assets/ExternalDependencyManager/Editor/1.2.168/Google.VersionHandlerImpl.dll.mdb
  artifactKey: Guid(d381d311247848d88763756bc0f336e7) Importer(815301076,1909f56bfc062723c751e8b465ee728b)
Start importing Assets/ExternalDependencyManager/Editor/1.2.168/Google.VersionHandlerImpl.dll.mdb using Guid(d381d311247848d88763756bc0f336e7) Importer(815301076,1909f56bfc062723c751e8b465ee728b)  -> (artifact id: '8d06241c064890e13d58808b1175a0ee') in 0.009651 seconds 
  Import took 0.014408 seconds .

========================================================================
Received Import Request.
  Time since last request: 0.012600 seconds.
  path: Assets/Firebase/Editor/generate_xml_from_google_services_json.py
  artifactKey: Guid(8f18ed76c0f04ce0a65736104f913ef8) Importer(815301076,1909f56bfc062723c751e8b465ee728b)
Start importing Assets/Firebase/Editor/generate_xml_from_google_services_json.py using Guid(8f18ed76c0f04ce0a65736104f913ef8) Importer(815301076,1909f56bfc062723c751e8b465ee728b)  -> (artifact id: '3d8c0d8e3fbf54a427d4b9c0240a4141') in 0.017750 seconds 
  Import took 0.025329 seconds .

========================================================================
Received Import Request.
  Time since last request: 0.024640 seconds.
  path: Assets/Editor Default Resources/Firebase/fb_storage.png
  artifactKey: Guid(573eb851c99f948f4bf2de49322bfd53) Importer(815301076,1909f56bfc062723c751e8b465ee728b)
Start importing Assets/Editor Default Resources/Firebase/fb_storage.png using Guid(573eb851c99f948f4bf2de49322bfd53) Importer(815301076,1909f56bfc062723c751e8b465ee728b)  -> (artifact id: '7546f46278183e4e3d12fbbdaff2b6e2') in 0.019053 seconds 
  Import took 0.024452 seconds .

========================================================================
Received Import Request.
  Time since last request: 0.013202 seconds.
  path: Assets/ExternalDependencyManager/Editor/Google.VersionHandler.dll.mdb
  artifactKey: Guid(1c1028aab95d4447a791527c4b545e0d) Importer(815301076,1909f56bfc062723c751e8b465ee728b)
Start importing Assets/ExternalDependencyManager/Editor/Google.VersionHandler.dll.mdb using Guid(1c1028aab95d4447a791527c4b545e0d) Importer(815301076,1909f56bfc062723c751e8b465ee728b)  -> (artifact id: '493d04848954c97e2c619f8bfe1d802d') in 0.014492 seconds 
  Import took 0.020117 seconds .

========================================================================
Received Import Request.
  Time since last request: 0.011399 seconds.
  path: Assets/Plugins/Android/FirebaseApp.androidlib/AndroidManifest.xml
  artifactKey: Guid(f4d83665558d41d46ad81816c7f0f2d0) Importer(815301076,1909f56bfc062723c751e8b465ee728b)
Start importing Assets/Plugins/Android/FirebaseApp.androidlib/AndroidManifest.xml using Guid(f4d83665558d41d46ad81816c7f0f2d0) Importer(815301076,1909f56bfc062723c751e8b465ee728b)  -> (artifact id: '7d487ba3a12c8e4980c1e9b1c17de14e') in 0.013458 seconds 
  Import took 0.018837 seconds .

========================================================================
Received Import Request.
  Time since last request: 0.008495 seconds.
  path: Assets/TextMesh Pro/Documentation
  artifactKey: Guid(8e7e8f5a82a3a134e91c54efd2274ea9) Importer(815301076,1909f56bfc062723c751e8b465ee728b)
Start importing Assets/TextMesh Pro/Documentation using Guid(8e7e8f5a82a3a134e91c54efd2274ea9) Importer(815301076,1909f56bfc062723c751e8b465ee728b)  -> (artifact id: '7f5aa99e36510f23d626084d8be9669f') in 0.009670 seconds 
  Import took 0.018497 seconds .

========================================================================
Received Import Request.
  Time since last request: 0.021991 seconds.
  path: Assets/TextMesh Pro/Shaders/TMPro.cginc
  artifactKey: Guid(407bc68d299748449bbf7f48ee690f8d) Importer(815301076,1909f56bfc062723c751e8b465ee728b)
Start importing Assets/TextMesh Pro/Shaders/TMPro.cginc using Guid(407bc68d299748449bbf7f48ee690f8d) Importer(815301076,1909f56bfc062723c751e8b465ee728b)  -> (artifact id: 'a7b84941a55f9012bae7f955040ccce9') in 0.009532 seconds 
  Import took 0.018467 seconds .

========================================================================
Received Import Request.
  Time since last request: 0.010622 seconds.
  path: Assets/Editor Default Resources/Firebase/fb_cloud_messaging.png
  artifactKey: Guid(837e8e1f35e334e81931d0857680cebf) Importer(815301076,1909f56bfc062723c751e8b465ee728b)
Start importing Assets/Editor Default Resources/Firebase/fb_cloud_messaging.png using Guid(837e8e1f35e334e81931d0857680cebf) Importer(815301076,1909f56bfc062723c751e8b465ee728b)  -> (artifact id: '30048085abd52120e866299532ef7552') in 0.019468 seconds 
  Import took 0.026152 seconds .

========================================================================
Received Import Request.
  Time since last request: 0.026366 seconds.
  path: Assets/Firebase/m2repository/com/google/firebase/firebase-app-unity/8.7.0/firebase-app-unity-8.7.0.srcaar
  artifactKey: Guid(0d80518dae494eb38950f99462dab2d7) Importer(815301076,1909f56bfc062723c751e8b465ee728b)
Start importing Assets/Firebase/m2repository/com/google/firebase/firebase-app-unity/8.7.0/firebase-app-unity-8.7.0.srcaar using Guid(0d80518dae494eb38950f99462dab2d7) Importer(815301076,1909f56bfc062723c751e8b465ee728b)  -> (artifact id: 'bd81d221e82b63ce76395b79b19647a9') in 0.008762 seconds 
  Import took 0.013309 seconds .

========================================================================
Received Import Request.
  Time since last request: 0.008932 seconds.
  path: Assets/Editor Default Resources/Firebase/fb_dynamic_links.png
  artifactKey: Guid(df6f219c396f4ad9b5048bae6944cb8e) Importer(815301076,1909f56bfc062723c751e8b465ee728b)
Start importing Assets/Editor Default Resources/Firebase/fb_dynamic_links.png using Guid(df6f219c396f4ad9b5048bae6944cb8e) Importer(815301076,1909f56bfc062723c751e8b465ee728b)  -> (artifact id: '03280623a779eeb707d233c4bba2a161') in 0.013530 seconds 
  Import took 0.017478 seconds .

========================================================================
Received Import Request.
  Time since last request: 0.022996 seconds.
  path: Assets/TextMesh Pro/Fonts/LiberationSans - OFL.txt
  artifactKey: Guid(6e59c59b81ab47f9b6ec5781fa725d2c) Importer(815301076,1909f56bfc062723c751e8b465ee728b)
Start importing Assets/TextMesh Pro/Fonts/LiberationSans - OFL.txt using Guid(6e59c59b81ab47f9b6ec5781fa725d2c) Importer(815301076,1909f56bfc062723c751e8b465ee728b)  -> (artifact id: 'd8ed59a48b952935c94a9302b2b79e3d') in 0.009569 seconds 
  Import took 0.013505 seconds .

========================================================================
Received Import Request.
  Time since last request: 0.004860 seconds.
  path: Assets/TextMesh Pro/Resources/Style Sheets
  artifactKey: Guid(4aecb92fff08436c8303b10eab8da368) Importer(815301076,1909f56bfc062723c751e8b465ee728b)
Start importing Assets/TextMesh Pro/Resources/Style Sheets using Guid(4aecb92fff08436c8303b10eab8da368) Importer(815301076,1909f56bfc062723c751e8b465ee728b)  -> (artifact id: '8eb160d1f2f0150837d5eca199ae2098') in 0.007886 seconds 
  Import took 0.012128 seconds .

========================================================================
Received Import Request.
  Time since last request: 0.007633 seconds.
  path: Assets/Editor Default Resources/Firebase/fb_dynamic_links_dark.png
  artifactKey: Guid(9355a4671cfe4eef90879863318d1a4b) Importer(815301076,1909f56bfc062723c751e8b465ee728b)
Start importing Assets/Editor Default Resources/Firebase/fb_dynamic_links_dark.png using Guid(9355a4671cfe4eef90879863318d1a4b) Importer(815301076,1909f56bfc062723c751e8b465ee728b)  -> (artifact id: '8625180aad3909b3933e3e0003c817ea') in 0.011215 seconds 
  Import took 0.016632 seconds .

========================================================================
Received Import Request.
  Time since last request: 0.041240 seconds.
  path: Assets/Firebase/Plugins/x86_64/FirebaseCppApp-8_7_0.dll
  artifactKey: Guid(c64976046b664b7393c79bc86d2ccf0d) Importer(815301076,1909f56bfc062723c751e8b465ee728b)
Start importing Assets/Firebase/Plugins/x86_64/FirebaseCppApp-8_7_0.dll using Guid(c64976046b664b7393c79bc86d2ccf0d) Importer(815301076,1909f56bfc062723c751e8b465ee728b)  -> (artifact id: 'eb11aab071d022963c8e0d4254792c58') in 0.003499 seconds 
  Import took 0.007394 seconds .

========================================================================
Received Import Request.
  Time since last request: 0.029907 seconds.
  path: Assets/TextMesh Pro/Shaders/TMP_SDF-Mobile Masking.shader
  artifactKey: Guid(bc1ede39bf3643ee8e493720e4259791) Importer(815301076,1909f56bfc062723c751e8b465ee728b)
Start importing Assets/TextMesh Pro/Shaders/TMP_SDF-Mobile Masking.shader using Guid(bc1ede39bf3643ee8e493720e4259791) Importer(815301076,1909f56bfc062723c751e8b465ee728b)  -> (artifact id: 'c3d4f0177a90d2144d63325c1f81fa56') in 0.008232 seconds 
  Import took 0.012109 seconds .

========================================================================
Received Import Request.
  Time since last request: 0.009407 seconds.
  path: Assets/TextMesh Pro/Shaders/TMPro_Mobile.cginc
  artifactKey: Guid(c334973cef89a9840b0b0c507e0377ab) Importer(815301076,1909f56bfc062723c751e8b465ee728b)
Start importing Assets/TextMesh Pro/Shaders/TMPro_Mobile.cginc using Guid(c334973cef89a9840b0b0c507e0377ab) Importer(815301076,1909f56bfc062723c751e8b465ee728b)  -> (artifact id: '858a7b7b43960fe146a89d5439ebbdfb') in 0.009125 seconds 
  Import took 0.013731 seconds .

========================================================================
Received Import Request.
  Time since last request: 0.028366 seconds.
  path: Assets/Firebase/Editor/network_request.py
  artifactKey: Guid(e6e32fecbfd44fab946fa160e4861924) Importer(815301076,1909f56bfc062723c751e8b465ee728b)
Start importing Assets/Firebase/Editor/network_request.py using Guid(e6e32fecbfd44fab946fa160e4861924) Importer(815301076,1909f56bfc062723c751e8b465ee728b)  -> (artifact id: 'f604549b7e998771a7917c2a6c05c2fe') in 0.006674 seconds 
  Import took 0.012284 seconds .

========================================================================
Received Import Request.
  Time since last request: 0.074872 seconds.
  path: Assets/Plugins/Android/FirebaseApp.androidlib
  artifactKey: Guid(9ea5cfe8617caba4fbb75ff06fea46de) Importer(815301076,1909f56bfc062723c751e8b465ee728b)
Start importing Assets/Plugins/Android/FirebaseApp.androidlib using Guid(9ea5cfe8617caba4fbb75ff06fea46de) Importer(815301076,1909f56bfc062723c751e8b465ee728b)  -> (artifact id: 'd351b9874ecb8bc8bbaf822ea6bf9e53') in 0.007811 seconds 
  Import took 0.011510 seconds .

========================================================================
Received Import Request.
  Time since last request: 0.006954 seconds.
  path: Assets/ExternalDependencyManager/Editor/external-dependency-manager_version-1.2.168_manifest.txt
  artifactKey: Guid(18cf1ab3dd0046fc89cbc79e4b22fb15) Importer(815301076,1909f56bfc062723c751e8b465ee728b)
Start importing Assets/ExternalDependencyManager/Editor/external-dependency-manager_version-1.2.168_manifest.txt using Guid(18cf1ab3dd0046fc89cbc79e4b22fb15) Importer(815301076,1909f56bfc062723c751e8b465ee728b)  -> (artifact id: '1efaaeedb0dd0f1da34f6fe406895248') in 0.008201 seconds 
  Import took 0.011990 seconds .

========================================================================
Received Import Request.
  Time since last request: 0.011306 seconds.
  path: Assets/Firebase/m2repository/com/google/firebase/firebase-auth-unity/maven-metadata.xml
  artifactKey: Guid(397f194fd08a4159906375d8838517fc) Importer(815301076,1909f56bfc062723c751e8b465ee728b)
Start importing Assets/Firebase/m2repository/com/google/firebase/firebase-auth-unity/maven-metadata.xml using Guid(397f194fd08a4159906375d8838517fc) Importer(815301076,1909f56bfc062723c751e8b465ee728b)  -> (artifact id: 'c23519a4b1cce75c1955184ef5fc447e') in 0.003750 seconds 
  Import took 0.010021 seconds .

========================================================================
Received Import Request.
  Time since last request: 0.016591 seconds.
  path: Assets/TextMesh Pro/Shaders/TMP_SDF-Surface.shader
  artifactKey: Guid(f7ada0af4f174f0694ca6a487b8f543d) Importer(815301076,1909f56bfc062723c751e8b465ee728b)
Start importing Assets/TextMesh Pro/Shaders/TMP_SDF-Surface.shader using Guid(f7ada0af4f174f0694ca6a487b8f543d) Importer(815301076,1909f56bfc062723c751e8b465ee728b)  -> (artifact id: '72d8d236053136e6a8ba546081c50bec') in 0.009020 seconds 
  Import took 0.014672 seconds .

========================================================================
Received Import Request.
  Time since last request: 0.015353 seconds.
  path: Assets/Firebase/m2repository/com/google/firebase/firebase-app-unity/8.7.0/firebase-app-unity-8.7.0.pom
  artifactKey: Guid(743e6a71226d4930885fbd433c795755) Importer(815301076,1909f56bfc062723c751e8b465ee728b)
Start importing Assets/Firebase/m2repository/com/google/firebase/firebase-app-unity/8.7.0/firebase-app-unity-8.7.0.pom using Guid(743e6a71226d4930885fbd433c795755) Importer(815301076,1909f56bfc062723c751e8b465ee728b)  -> (artifact id: 'ab8600be0074a536644c7d4188288b43') in 0.004234 seconds 
  Import took 0.009910 seconds .

========================================================================
Received Import Request.
  Time since last request: 0.007104 seconds.
  path: Assets/Firebase/Plugins/Firebase.Platform.dll.mdb
  artifactKey: Guid(657ad9d9048b4c8eb351131596cc9bb8) Importer(815301076,1909f56bfc062723c751e8b465ee728b)
Start importing Assets/Firebase/Plugins/Firebase.Platform.dll.mdb using Guid(657ad9d9048b4c8eb351131596cc9bb8) Importer(815301076,1909f56bfc062723c751e8b465ee728b)  -> (artifact id: 'a6fbc2032dfc839fc6e7b4a8816dda19') in 0.009032 seconds 
  Import took 0.013808 seconds .

========================================================================
Received Import Request.
  Time since last request: 0.068879 seconds.
  path: Assets/Editor Default Resources/Firebase/fb_functions_dark.png
  artifactKey: Guid(b5aa3e4f7432e1c5698417cc13f85271) Importer(815301076,1909f56bfc062723c751e8b465ee728b)
Start importing Assets/Editor Default Resources/Firebase/fb_functions_dark.png using Guid(b5aa3e4f7432e1c5698417cc13f85271) Importer(815301076,1909f56bfc062723c751e8b465ee728b)  -> (artifact id: '2981957fa024f8993b4ce76c3c39ae1a') in 0.016541 seconds 
  Import took 0.020851 seconds .

========================================================================
Received Import Request.
  Time since last request: 0.015059 seconds.
  path: Assets/Parse/Plugins/dotNet45
  artifactKey: Guid(92dea8a183321ce429eb1510c0373544) Importer(815301076,1909f56bfc062723c751e8b465ee728b)
Start importing Assets/Parse/Plugins/dotNet45 using Guid(92dea8a183321ce429eb1510c0373544) Importer(815301076,1909f56bfc062723c751e8b465ee728b)  -> (artifact id: '8e8ae521f14b22bf67c2dd035d991b20') in 0.008606 seconds 
  Import took 0.013457 seconds .

========================================================================
Received Import Request.
  Time since last request: 0.034939 seconds.
  path: Assets/Plugins/iOS
  artifactKey: Guid(396105a3b75737a4d8421af55a91a3b0) Importer(815301076,1909f56bfc062723c751e8b465ee728b)
Start importing Assets/Plugins/iOS using Guid(396105a3b75737a4d8421af55a91a3b0) Importer(815301076,1909f56bfc062723c751e8b465ee728b)  -> (artifact id: '60d43847188643f6c9a588388c79c86d') in 0.003272 seconds 
  Import took 0.010259 seconds .

========================================================================
Received Import Request.
  Time since last request: 0.055884 seconds.
  path: Assets/Parse/Plugins
  artifactKey: Guid(84cd358a713ac774b8a53bf49a537ee1) Importer(815301076,1909f56bfc062723c751e8b465ee728b)
Start importing Assets/Parse/Plugins using Guid(84cd358a713ac774b8a53bf49a537ee1) Importer(815301076,1909f56bfc062723c751e8b465ee728b)  -> (artifact id: 'ba0d71849b29d12579a1ddda11d39894') in 0.003641 seconds 
  Import took 0.008096 seconds .

========================================================================
Received Import Request.
  Time since last request: 0.016986 seconds.
  path: Assets/Firebase/Plugins/x86_64/FirebaseCppAuth.bundle
  artifactKey: Guid(5e37ea1972a64af9897f5fab651a5323) Importer(815301076,1909f56bfc062723c751e8b465ee728b)
Start importing Assets/Firebase/Plugins/x86_64/FirebaseCppAuth.bundle using Guid(5e37ea1972a64af9897f5fab651a5323) Importer(815301076,1909f56bfc062723c751e8b465ee728b)  -> (artifact id: '6472132149c29540af91160cebd75733') in 0.005086 seconds 
  Import took 0.010919 seconds .

========================================================================
Received Import Request.
  Time since last request: 0.014041 seconds.
  path: Assets/Editor Default Resources/Firebase
  artifactKey: Guid(3367edfb01c3df742a61b8c710ec0ec4) Importer(815301076,1909f56bfc062723c751e8b465ee728b)
Start importing Assets/Editor Default Resources/Firebase using Guid(3367edfb01c3df742a61b8c710ec0ec4) Importer(815301076,1909f56bfc062723c751e8b465ee728b)  -> (artifact id: '8970b8cc8342fd160eab384f1e791e11') in 0.003377 seconds 
  Import took 0.007599 seconds .

========================================================================
Received Import Request.
  Time since last request: 0.021085 seconds.
  path: Assets/Firebase/Plugins/iOS/Firebase.Auth.dll.mdb
  artifactKey: Guid(91b908cd7e334778ba8a2f62b9ed4b5a) Importer(815301076,1909f56bfc062723c751e8b465ee728b)
Start importing Assets/Firebase/Plugins/iOS/Firebase.Auth.dll.mdb using Guid(91b908cd7e334778ba8a2f62b9ed4b5a) Importer(815301076,1909f56bfc062723c751e8b465ee728b)  -> (artifact id: '1923c9868fb48021a1d5468bbc3ebd6e') in 0.003125 seconds 
  Import took 0.008056 seconds .

========================================================================
Received Import Request.
  Time since last request: 0.046148 seconds.
  path: Assets/TextMesh Pro/Resources/TMP Settings.asset
  artifactKey: Guid(3f5b5dff67a942289a9defa416b206f3) Importer(815301076,1909f56bfc062723c751e8b465ee728b)
Start importing Assets/TextMesh Pro/Resources/TMP Settings.asset using Guid(3f5b5dff67a942289a9defa416b206f3) Importer(815301076,1909f56bfc062723c751e8b465ee728b)  -> (artifact id: '80217e6c75f9d2e4957cbc8093faaf48') in 0.066227 seconds 
  Import took 0.071710 seconds .

========================================================================
Received Import Request.
  Time since last request: 0.030134 seconds.
  path: Assets/ExternalDependencyManager/Editor/1.2.168/Google.PackageManagerResolver.dll.mdb
  artifactKey: Guid(0028604bcf9143358f55e4690a34fb87) Importer(815301076,1909f56bfc062723c751e8b465ee728b)
Start importing Assets/ExternalDependencyManager/Editor/1.2.168/Google.PackageManagerResolver.dll.mdb using Guid(0028604bcf9143358f55e4690a34fb87) Importer(815301076,1909f56bfc062723c751e8b465ee728b)  -> (artifact id: '489548dc8585d797fcc412d0b35a4556') in 0.009455 seconds 
  Import took 0.014128 seconds .

========================================================================
Received Import Request.
  Time since last request: 0.004981 seconds.
  path: Assets/ExternalDependencyManager/Editor
  artifactKey: Guid(ec34245ebc76f9b47b266d53b78babb7) Importer(815301076,1909f56bfc062723c751e8b465ee728b)
Start importing Assets/ExternalDependencyManager/Editor using Guid(ec34245ebc76f9b47b266d53b78babb7) Importer(815301076,1909f56bfc062723c751e8b465ee728b)  -> (artifact id: '2e903f96554f813d30a1f6a2aebb1ba3') in 0.003214 seconds 
  Import took 0.009845 seconds .

========================================================================
Received Import Request.
  Time since last request: 0.004163 seconds.
  path: Assets/Editor Default Resources
  artifactKey: Guid(6db0e05928ee0914fb7d4b80a082ebb4) Importer(815301076,1909f56bfc062723c751e8b465ee728b)
Start importing Assets/Editor Default Resources using Guid(6db0e05928ee0914fb7d4b80a082ebb4) Importer(815301076,1909f56bfc062723c751e8b465ee728b)  -> (artifact id: 'dca02f90fdc91ac8cce1daae750b1056') in 0.009425 seconds 
  Import took 0.014157 seconds .

========================================================================
Received Import Request.
  Time since last request: 0.020907 seconds.
  path: Assets/TextMesh Pro/Sprites
  artifactKey: Guid(d0603b6d5186471b96c778c3949c7ce2) Importer(815301076,1909f56bfc062723c751e8b465ee728b)
Start importing Assets/TextMesh Pro/Sprites using Guid(d0603b6d5186471b96c778c3949c7ce2) Importer(815301076,1909f56bfc062723c751e8b465ee728b)  -> (artifact id: 'c825b4ecabc52a724fdd8944d5209777') in 0.008469 seconds 
  Import took 0.012623 seconds .

========================================================================
Received Import Request.
  Time since last request: 0.020135 seconds.
  path: Assets/TextMesh Pro/Resources
  artifactKey: Guid(243e06394e614e5d99fab26083b707fa) Importer(815301076,1909f56bfc062723c751e8b465ee728b)
Start importing Assets/TextMesh Pro/Resources using Guid(243e06394e614e5d99fab26083b707fa) Importer(815301076,1909f56bfc062723c751e8b465ee728b)  -> (artifact id: '0df7051f5b12f3f69d646d60f9166c36') in 0.008551 seconds 
  Import took 0.013316 seconds .

========================================================================
Received Import Request.
  Time since last request: 0.008764 seconds.
  path: Assets/Firebase/m2repository/com/google/firebase/firebase-auth-unity/8.7.0/firebase-auth-unity-8.7.0.pom
  artifactKey: Guid(951f1f23814941be922a42610dff537b) Importer(815301076,1909f56bfc062723c751e8b465ee728b)
Start importing Assets/Firebase/m2repository/com/google/firebase/firebase-auth-unity/8.7.0/firebase-auth-unity-8.7.0.pom using Guid(951f1f23814941be922a42610dff537b) Importer(815301076,1909f56bfc062723c751e8b465ee728b)  -> (artifact id: '8fd903fb19562e89d26e84db5bcd3ac9') in 0.004407 seconds 
  Import took 0.009918 seconds .

========================================================================
Received Import Request.
  Time since last request: 0.058217 seconds.
  path: Assets/Firebase/Plugins/x86_64/FirebaseCppApp-8_7_0.bundle
  artifactKey: Guid(f24bf94872884adc869b982ff64e83a3) Importer(815301076,1909f56bfc062723c751e8b465ee728b)
Start importing Assets/Firebase/Plugins/x86_64/FirebaseCppApp-8_7_0.bundle using Guid(f24bf94872884adc869b982ff64e83a3) Importer(815301076,1909f56bfc062723c751e8b465ee728b)  -> (artifact id: '4def8de439488ec27f50d6697b781d45') in 0.003213 seconds 
  Import took 0.008546 seconds .

========================================================================
Received Import Request.
  Time since last request: 0.021265 seconds.
  path: Assets/Scenes/Register.unity
  artifactKey: Guid(ddf600b1b89815040ab613a1559f6a06) Importer(815301076,1909f56bfc062723c751e8b465ee728b)
Start importing Assets/Scenes/Register.unity using Guid(ddf600b1b89815040ab613a1559f6a06) Importer(815301076,1909f56bfc062723c751e8b465ee728b)  -> (artifact id: 'ee2033fa03027736dd502fc718202a1d') in 0.008792 seconds 
  Import took 0.012429 seconds .

========================================================================
Received Import Request.
  Time since last request: 0.010658 seconds.
  path: Assets/TextMesh Pro/Fonts/LiberationSans.ttf
  artifactKey: Guid(e3265ab4bf004d28a9537516768c1c75) Importer(815301076,1909f56bfc062723c751e8b465ee728b)
Start importing Assets/TextMesh Pro/Fonts/LiberationSans.ttf using Guid(e3265ab4bf004d28a9537516768c1c75) Importer(815301076,1909f56bfc062723c751e8b465ee728b)  -> (artifact id: '246556da8ee308a88cd64dac11bb5e10') in 0.093657 seconds 
  Import took 0.097869 seconds .

AssetImportWorkerClient::OnTransportError - code=2 error=End of file
